TN:
SF:/Users/zhengguorong/project/BMblog/BMBlog-admin/src/components/Hello.vue
FN:8,data
FNF:1
FNH:1
FNDA:1,data
DA:0,1
DA:27,1
LF:2
LH:2
BRF:0
BRH:0
end_of_record
TN:
SF:/Users/zhengguorong/project/BMblog/BMBlog-admin/src/App.vue
FNF:0
FNH:0
DA:0,1
LF:1
LH:1
BRF:0
BRH:0
end_of_record
TN:
SF:/Users/zhengguorong/project/BMblog/BMBlog-admin/src/components/Page.vue
FN:13,_interopRequireDefault
FN:22,selectedElement
FNF:2
FNH:1
FNDA:1,_interopRequireDefault
FNDA:0,selectedElement
DA:0,1
DA:17,1
DA:18,1
DA:27,0
LF:4
LH:3
BRDA:13,1,0,0
BRDA:13,1,1,1
BRDA:13,2,0,1
BRDA:13,2,1,1
BRF:4
BRH:4
end_of_record
TN:
SF:/Users/zhengguorong/project/BMblog/BMBlog-admin/src/components/PicElement.vue
FN:13,data
FN:24,move
FN:27,(anonymous_3)
FN:39,mousedown
FN:47,mouseup
FNF:5
FNH:0
FNDA:0,data
FNDA:0,move
FNDA:0,(anonymous_3)
FNDA:0,mousedown
FNDA:0,mouseup
DA:0,1
DA:16,0
DA:25,0
DA:26,0
DA:27,0
DA:28,0
DA:29,0
DA:30,0
DA:31,0
DA:32,0
DA:33,0
DA:34,0
DA:39,0
DA:40,0
DA:41,0
DA:42,0
DA:43,0
DA:44,0
DA:47,0
LF:19
LH:1
BRDA:28,1,0,0
BRDA:28,1,1,0
BRDA:29,2,0,0
BRDA:29,2,1,0
BRF:4
BRH:0
end_of_record
TN:
SF:/Users/zhengguorong/project/BMblog/BMBlog-admin/src/model/Article.js
FN:11,_interopRequireDefault
FN:13,Article
FNF:2
FNH:1
FNDA:1,_interopRequireDefault
FNDA:0,Article
DA:0,1
DA:2,0
DA:3,0
DA:4,0
DA:5,0
DA:6,0
DA:7,0
LF:7
LH:1
BRDA:11,1,0,1
BRDA:11,1,1,0
BRDA:11,2,0,1
BRDA:11,2,1,1
BRDA:16,3,0,0
BRDA:16,3,1,0
BRDA:17,4,0,0
BRDA:17,4,1,0
BRF:8
BRH:4
end_of_record
TN:
SF:/Users/zhengguorong/project/BMblog/BMBlog-admin/src/model/Element.js
FN:11,_interopRequireDefault
FN:13,Element
FNF:2
FNH:1
FNDA:1,_interopRequireDefault
FNDA:0,Element
DA:0,1
DA:5,0
DA:6,0
DA:7,0
DA:8,0
DA:9,0
DA:10,0
DA:11,0
DA:12,0
DA:13,0
DA:14,0
DA:15,0
LF:12
LH:1
BRDA:11,1,0,1
BRDA:11,1,1,0
BRDA:11,2,0,1
BRDA:11,2,1,1
BRDA:14,3,0,0
BRDA:14,3,1,0
BRDA:14,4,0,0
BRDA:14,4,1,0
BRDA:17,5,0,0
BRDA:17,5,1,0
BRDA:18,6,0,0
BRDA:18,6,1,0
BRDA:19,7,0,0
BRDA:19,7,1,0
BRDA:20,8,0,0
BRDA:20,8,1,0
BRDA:21,9,0,0
BRDA:21,9,1,0
BRDA:22,10,0,0
BRDA:22,10,1,0
BRF:20
BRH:4
end_of_record
TN:
SF:/Users/zhengguorong/project/BMblog/BMBlog-admin/src/model/Page.js
FN:11,_interopRequireDefault
FN:13,Page
FNF:2
FNH:1
FNDA:1,_interopRequireDefault
FNDA:0,Page
DA:0,1
DA:5,0
DA:6,0
LF:3
LH:1
BRDA:11,1,0,1
BRDA:11,1,1,0
BRDA:11,2,0,1
BRDA:11,2,1,1
BRDA:14,3,0,0
BRDA:14,3,1,0
BRDA:14,4,0,0
BRDA:14,4,1,0
BRDA:17,5,0,0
BRDA:17,5,1,0
BRF:10
BRH:4
end_of_record
TN:
SF:/Users/zhengguorong/project/BMblog/BMBlog-admin/src/model/Theme.js
FN:11,_interopRequireDefault
FN:13,Theme
FNF:2
FNH:1
FNDA:1,_interopRequireDefault
FNDA:0,Theme
DA:0,1
DA:5,0
DA:6,0
LF:3
LH:1
BRDA:11,1,0,1
BRDA:11,1,1,0
BRDA:11,2,0,1
BRDA:11,2,1,1
BRDA:14,3,0,0
BRDA:14,3,1,0
BRDA:14,4,0,0
BRDA:14,4,1,0
BRDA:17,5,0,0
BRDA:17,5,1,0
BRF:10
BRH:4
end_of_record
TN:
SF:/Users/zhengguorong/project/BMblog/BMBlog-admin/src/routers.js
FNF:0
FNH:0
DA:0,1
LF:1
LH:1
BRF:0
BRH:0
end_of_record
TN:
SF:/Users/zhengguorong/project/BMblog/BMBlog-admin/src/views/user/login.vue
FN:11,_interopRequireWildcard
FN:14,data
FN:29,login
FN:33,(anonymous_4)
FN:35,(anonymous_5)
FN:38,(anonymous_6)
FNF:6
FNH:1
FNDA:1,_interopRequireWildcard
FNDA:0,data
FNDA:0,login
FNDA:0,(anonymous_4)
FNDA:0,(anonymous_5)
FNDA:0,(anonymous_6)
DA:0,1
DA:28,1
DA:31,0
DA:48,0
DA:49,0
DA:50,0
DA:51,0
DA:52,0
DA:54,0
DA:55,0
DA:58,0
DA:59,0
DA:63,0
LF:13
LH:2
BRDA:11,1,0,1
BRDA:11,1,1,0
BRDA:11,2,0,1
BRDA:11,2,1,1
BRDA:11,3,0,0
BRDA:11,3,1,0
BRDA:11,4,0,0
BRDA:11,4,1,0
BRDA:34,5,0,0
BRDA:34,5,1,0
BRDA:39,6,0,0
BRDA:39,6,1,0
BRF:12
BRH:8
end_of_record
TN:
SF:/Users/zhengguorong/project/BMblog/BMBlog-admin/src/util/http.js
FN:16,_interopRequireDefault
FN:18,get
FN:28,(anonymous_3)
FN:36,post
FN:41,(anonymous_5)
FN:49,put
FN:54,(anonymous_7)
FN:62,patch
FN:67,(anonymous_9)
FN:75,del
FN:80,(anonymous_11)
FNF:11
FNH:1
FNDA:2,_interopRequireDefault
FNDA:0,get
FNDA:0,(anonymous_3)
FNDA:0,post
FNDA:0,(anonymous_5)
FNDA:0,put
FNDA:0,(anonymous_7)
FNDA:0,patch
FNDA:0,(anonymous_9)
FNDA:0,del
FNDA:0,(anonymous_11)
DA:0,2
DA:1,1
DA:3,1
DA:4,0
DA:5,0
DA:6,0
DA:7,0
DA:9,0
DA:11,0
DA:15,0
DA:16,0
DA:18,0
DA:22,1
DA:23,0
DA:24,0
DA:25,0
DA:29,0
DA:30,0
DA:32,0
DA:36,1
DA:37,0
DA:38,0
DA:39,0
DA:43,0
DA:44,0
DA:46,0
DA:50,1
DA:51,0
DA:52,0
DA:53,0
DA:57,0
DA:58,0
DA:60,0
DA:64,1
DA:65,0
DA:66,0
DA:67,0
DA:71,0
DA:72,0
DA:74,0
LF:40
LH:7
BRDA:16,1,0,1
BRDA:16,1,1,1
BRDA:16,2,0,2
BRDA:16,2,1,2
BRDA:21,3,0,0
BRDA:21,3,1,0
BRDA:29,4,0,0
BRDA:29,4,1,0
BRDA:29,5,0,0
BRDA:29,5,1,0
BRDA:42,6,0,0
BRDA:42,6,1,0
BRDA:42,7,0,0
BRDA:42,7,1,0
BRDA:55,8,0,0
BRDA:55,8,1,0
BRDA:55,9,0,0
BRDA:55,9,1,0
BRDA:68,10,0,0
BRDA:68,10,1,0
BRDA:68,11,0,0
BRDA:68,11,1,0
BRDA:81,12,0,0
BRDA:81,12,1,0
BRDA:81,13,0,0
BRDA:81,13,1,0
BRF:26
BRH:4
end_of_record
TN:
SF:/Users/zhengguorong/project/BMblog/BMBlog-admin/src/views/editor/index.vue
FN:15,_interopRequireDefault
FN:19,articleList
FN:22,editorArticle
FN:26,mounted
FN:31,saveArticle
FN:34,selectedArticle
FN:37,addArticle
FNF:7
FNH:1
FNDA:2,_interopRequireDefault
FNDA:0,articleList
FNDA:0,editorArticle
FNDA:0,mounted
FNDA:0,saveArticle
FNDA:0,selectedArticle
FNDA:0,addArticle
DA:0,2
DA:13,1
DA:14,1
DA:18,0
DA:21,0
DA:25,0
DA:29,0
DA:32,0
DA:35,0
LF:9
LH:3
BRDA:15,1,0,0
BRDA:15,1,1,2
BRDA:15,2,0,2
BRDA:15,2,1,2
BRF:4
BRH:4
end_of_record
TN:
SF:/Users/zhengguorong/project/BMblog/BMBlog-admin/src/views/editor/articles.vue
FN:22,editorArticle
FNF:1
FNH:0
FNDA:0,editorArticle
DA:0,1
DA:46,0
LF:2
LH:1
BRF:0
BRH:0
end_of_record
TN:
SF:/Users/zhengguorong/project/BMblog/BMBlog-admin/src/views/editor/markdown.vue
FN:11,_interopRequireDefault
FN:26,compiledMarkdown
FN:31,update
FNF:3
FNH:1
FNDA:1,_interopRequireDefault
FNDA:0,compiledMarkdown
FNDA:0,update
DA:0,1
DA:15,1
DA:16,1
DA:30,0
DA:35,0
LF:5
LH:3
BRDA:11,1,0,0
BRDA:11,1,1,1
BRDA:11,2,0,1
BRDA:11,2,1,1
BRF:4
BRH:4
end_of_record
TN:
SF:/Users/zhengguorong/project/BMblog/BMBlog-admin/src/views/h5editor/index.vue
FN:15,_interopRequireDefault
FN:19,pages
FN:22,editorPage
FN:25,element
FN:30,addPicElement
FN:33,playAnimate
FN:36,save
FN:39,addPage
FN:42,deploy
FN:43,setEditorPage
FNF:10
FNH:1
FNDA:2,_interopRequireDefault
FNDA:0,pages
FNDA:0,editorPage
FNDA:0,element
FNDA:0,addPicElement
FNDA:0,playAnimate
FNDA:0,save
FNDA:0,addPage
FNDA:0,deploy
FNDA:0,setEditorPage
DA:0,2
DA:32,1
DA:33,1
DA:37,0
DA:40,0
DA:43,0
DA:48,0
DA:51,0
DA:54,0
DA:57,0
DA:62,0
LF:11
LH:3
BRDA:15,1,0,1
BRDA:15,1,1,1
BRDA:15,2,0,2
BRDA:15,2,1,2
BRF:4
BRH:4
end_of_record
TN:
SF:/Users/zhengguorong/project/BMblog/BMBlog-admin/src/util/tools.js
FN:11,_interopRequireDefault
FN:13,vue2json
FNF:2
FNH:1
FNDA:1,_interopRequireDefault
FNDA:0,vue2json
DA:0,1
DA:1,1
DA:2,0
DA:3,0
LF:4
LH:2
BRDA:11,1,0,1
BRDA:11,1,1,0
BRDA:11,2,0,1
BRDA:11,2,1,1
BRDA:14,3,0,0
BRDA:14,3,1,0
BRF:6
BRH:4
end_of_record
TN:
SF:/Users/zhengguorong/project/BMblog/BMBlog-admin/src/views/h5editor/themeList.vue
FN:8,list
FN:12,mounted
FN:17,toEditor
FN:22,create
FNF:4
FNH:0
FNDA:0,list
FNDA:0,mounted
FNDA:0,toEditor
FNDA:0,create
DA:0,1
DA:15,0
DA:19,0
DA:23,0
DA:24,0
DA:25,0
DA:28,0
DA:29,0
DA:30,0
LF:9
LH:1
BRF:0
BRH:0
end_of_record
TN:
SF:/Users/zhengguorong/project/BMblog/BMBlog-admin/src/vuex/article/actions.js
FN:24,_interopRequireWildcard
FN:26,_interopRequireDefault
FN:28,getArticleList
FN:31,(anonymous_4)
FN:43,saveArticle
FN:47,(anonymous_6)
FN:51,(anonymous_7)
FNF:7
FNH:2
FNDA:2,_interopRequireWildcard
FNDA:2,_interopRequireDefault
FNDA:0,getArticleList
FNDA:0,(anonymous_4)
FNDA:0,saveArticle
FNDA:0,(anonymous_6)
FNDA:0,(anonymous_7)
DA:0,2
DA:1,1
DA:2,1
DA:3,1
DA:8,1
DA:9,0
DA:11,0
DA:12,0
DA:13,0
DA:14,0
DA:16,0
DA:17,0
DA:22,1
DA:23,0
DA:24,0
DA:26,0
DA:29,0
DA:31,0
LF:18
LH:6
BRDA:24,1,0,2
BRDA:24,1,1,0
BRDA:24,2,0,2
BRDA:24,2,1,2
BRDA:24,3,0,0
BRDA:24,3,1,0
BRDA:24,4,0,0
BRDA:24,4,1,0
BRDA:26,5,0,2
BRDA:26,5,1,0
BRDA:26,6,0,2
BRDA:26,6,1,2
BRDA:32,7,0,0
BRDA:32,7,1,0
BRDA:46,8,0,0
BRDA:46,8,1,0
BRDA:46,9,0,0
BRDA:46,9,1,0
BRF:18
BRH:12
end_of_record
TN:
SF:/Users/zhengguorong/project/BMblog/BMBlog-admin/src/vuex/article/mutation-type.js
FNF:0
FNH:0
DA:0,1
DA:1,1
DA:2,1
DA:3,1
DA:4,1
DA:5,1
LF:6
LH:6
BRF:0
BRH:0
end_of_record
TN:
SF:/Users/zhengguorong/project/BMblog/BMBlog-admin/src/vuex/article/index.js
FN:15,_interopRequireWildcard
FN:17,_interopRequireDefault
FNF:2
FNH:2
FNDA:1,_interopRequireWildcard
FNDA:1,_interopRequireDefault
DA:0,1
DA:1,1
DA:2,1
DA:4,1
LF:4
LH:4
BRDA:15,1,0,1
BRDA:15,1,1,0
BRDA:15,2,0,1
BRDA:15,2,1,1
BRDA:15,3,0,0
BRDA:15,3,1,0
BRDA:15,4,0,0
BRDA:15,4,1,0
BRDA:17,5,0,1
BRDA:17,5,1,0
BRDA:17,6,0,1
BRDA:17,6,1,1
BRF:12
BRH:12
end_of_record
TN:
SF:/Users/zhengguorong/project/BMblog/BMBlog-admin/src/vuex/article/mutations.js
FN:21,_interopRequireWildcard
FN:23,_interopRequireDefault
FN:25,(anonymous_3)
FN:27,(anonymous_4)
FN:29,(anonymous_5)
FNF:5
FNH:2
FNDA:1,_interopRequireWildcard
FNDA:2,_interopRequireDefault
FNDA:0,(anonymous_3)
FNDA:0,(anonymous_4)
FNDA:0,(anonymous_5)
DA:0,2
DA:1,1
DA:2,1
DA:4,1
DA:6,0
DA:9,0
DA:12,0
LF:7
LH:4
BRDA:21,1,0,1
BRDA:21,1,1,0
BRDA:21,2,0,1
BRDA:21,2,1,1
BRDA:21,3,0,0
BRDA:21,3,1,0
BRDA:21,4,0,0
BRDA:21,4,1,0
BRDA:23,5,0,2
BRDA:23,5,1,0
BRDA:23,6,0,2
BRDA:23,6,1,2
BRF:12
BRH:12
end_of_record
TN:
SF:/Users/zhengguorong/project/BMblog/BMBlog-admin/src/vuex/editor/actions.js
FN:28,_interopRequireDefault
FN:30,_interopRequireWildcard
FN:32,saveTheme
FN:36,(anonymous_4)
FN:40,(anonymous_5)
FN:46,getUserThemeList
FN:49,(anonymous_7)
FN:54,createTheme
FN:62,setEditorTheme
FN:68,setEditorPage
FN:74,addPage
FN:82,addElement
FN:90,setEditorElement
FN:96,playAnimate
FNF:14
FNH:2
FNDA:3,_interopRequireDefault
FNDA:2,_interopRequireWildcard
FNDA:0,saveTheme
FNDA:0,(anonymous_4)
FNDA:0,(anonymous_5)
FNDA:0,getUserThemeList
FNDA:0,(anonymous_7)
FNDA:0,createTheme
FNDA:0,setEditorTheme
FNDA:0,setEditorPage
FNDA:0,addPage
FNDA:0,addElement
FNDA:0,setEditorElement
FNDA:0,playAnimate
DA:0,3
DA:1,1
DA:2,1
DA:3,1
DA:4,1
DA:5,1
DA:10,1
DA:11,0
DA:12,0
DA:14,0
DA:17,0
DA:19,0
DA:28,1
DA:29,0
DA:31,0
DA:40,1
DA:41,0
DA:42,0
DA:43,0
DA:49,1
DA:50,0
DA:58,1
DA:59,0
DA:66,1
DA:67,0
DA:68,0
DA:69,0
DA:75,1
DA:76,0
DA:77,0
DA:78,0
DA:81,1
DA:82,0
DA:85,1
DA:86,0
LF:35
LH:15
BRDA:28,1,0,3
BRDA:28,1,1,0
BRDA:28,2,0,3
BRDA:28,2,1,3
BRDA:30,3,0,2
BRDA:30,3,1,0
BRDA:30,4,0,2
BRDA:30,4,1,2
BRDA:30,5,0,0
BRDA:30,5,1,0
BRDA:30,6,0,0
BRDA:30,6,1,0
BRDA:35,7,0,0
BRDA:35,7,1,0
BRDA:35,8,0,0
BRDA:35,8,1,0
BRF:16
BRH:12
end_of_record
TN:
SF:/Users/zhengguorong/project/BMblog/BMBlog-admin/src/vuex/editor/mutation-type.js
FNF:0
FNH:0
DA:0,1
DA:1,1
DA:2,1
DA:3,1
DA:4,1
DA:5,1
DA:6,1
DA:7,1
DA:8,1
DA:9,1
DA:10,1
DA:11,1
LF:12
LH:12
BRF:0
BRH:0
end_of_record
TN:
SF:/Users/zhengguorong/project/BMblog/BMBlog-admin/src/vuex/editor/index.js
FN:15,_interopRequireWildcard
FN:17,_interopRequireDefault
FNF:2
FNH:2
FNDA:1,_interopRequireWildcard
FNDA:1,_interopRequireDefault
DA:0,1
DA:1,1
DA:2,1
DA:4,1
LF:4
LH:4
BRDA:15,1,0,1
BRDA:15,1,1,0
BRDA:15,2,0,1
BRDA:15,2,1,1
BRDA:15,3,0,0
BRDA:15,3,1,0
BRDA:15,4,0,0
BRDA:15,4,1,0
BRDA:17,5,0,1
BRDA:17,5,1,0
BRDA:17,6,0,1
BRDA:17,6,1,1
BRF:12
BRH:12
end_of_record
TN:
SF:/Users/zhengguorong/project/BMblog/BMBlog-admin/src/vuex/editor/mutations.js
FN:21,_interopRequireWildcard
FN:23,_interopRequireDefault
FN:25,(anonymous_3)
FN:27,(anonymous_4)
FN:29,(anonymous_5)
FN:32,(anonymous_6)
FN:36,(anonymous_7)
FN:70,(anonymous_8)
FN:72,(anonymous_9)
FN:73,(anonymous_10)
FN:78,(anonymous_11)
FN:80,(anonymous_12)
FN:82,(anonymous_13)
FN:84,(anonymous_14)
FN:86,(anonymous_15)
FNF:15
FNH:2
FNDA:1,_interopRequireWildcard
FNDA:2,_interopRequireDefault
FNDA:0,(anonymous_3)
FNDA:0,(anonymous_4)
FNDA:0,(anonymous_5)
FNDA:0,(anonymous_6)
FNDA:0,(anonymous_7)
FNDA:0,(anonymous_8)
FNDA:0,(anonymous_9)
FNDA:0,(anonymous_10)
FNDA:0,(anonymous_11)
FNDA:0,(anonymous_12)
FNDA:0,(anonymous_13)
FNDA:0,(anonymous_14)
FNDA:0,(anonymous_15)
DA:0,2
DA:1,1
DA:3,1
DA:5,0
DA:8,0
DA:12,0
DA:13,0
DA:14,0
DA:15,0
DA:16,0
DA:17,0
DA:18,0
DA:19,0
DA:22,0
DA:26,0
DA:27,0
DA:28,0
DA:33,0
DA:36,0
DA:37,0
DA:38,0
DA:43,0
DA:46,0
DA:49,0
DA:52,0
DA:55,0
LF:26
LH:3
BRDA:21,1,0,1
BRDA:21,1,1,0
BRDA:21,2,0,1
BRDA:21,2,1,1
BRDA:21,3,0,0
BRDA:21,3,1,0
BRDA:21,4,0,0
BRDA:21,4,1,0
BRDA:23,5,0,2
BRDA:23,5,1,0
BRDA:23,6,0,2
BRDA:23,6,1,2
BRDA:31,7,0,0
BRDA:31,7,1,0
BRDA:33,8,0,0
BRDA:33,8,1,0
BRDA:34,9,0,0
BRDA:34,9,1,0
BRDA:60,10,0,0
BRDA:60,10,1,0
BRDA:60,11,0,0
BRDA:60,11,1,0
BRDA:64,12,0,0
BRDA:64,12,1,0
BRDA:74,13,0,0
BRDA:74,13,1,0
BRF:26
BRH:12
end_of_record
TN:
SF:/Users/zhengguorong/project/BMblog/BMBlog-admin/src/vuex/store.js
FN:23,_interopRequireDefault
FNF:1
FNH:1
FNDA:4,_interopRequireDefault
DA:0,4
DA:1,1
DA:2,1
DA:3,1
DA:4,1
DA:6,1
LF:6
LH:6
BRDA:23,1,0,2
BRDA:23,1,1,2
BRDA:23,2,0,4
BRDA:23,2,1,4
BRF:4
BRH:4
end_of_record
